Base path: /Applications/Unity/Unity.app/Contents
Cmd: initializeCompiler
Cmd: translateComputeKernel
  api=14 insize=2129 outsize=3885 ok=1
Cmd: compileComputeKernel
  api=14 insize=10881 outsize=11297 ok=1
Cmd: translateComputeKernel
  api=14 insize=10709 outsize=18721 ok=1
Cmd: compileComputeKernel
  api=14 insize=18299 outsize=9397 ok=1
Cmd: translateComputeKernel
  api=14 insize=9397 outsize=16197 ok=1
Cmd: translateComputeKernel
  api=14 insize=11489 outsize=24921 ok=1
Cmd: translateComputeKernel
  api=14 insize=2129 outsize=3469 ok=1
Cmd: compileComputeKernel
  api=14 insize=1454 outsize=1193 ok=1
Cmd: initializeCompiler
Cmd: initializeCompiler
Cmd: initializeCompiler
Cmd: initializeCompiler
Cmd: initializeCompiler
Cmd: initializeCompiler
Cmd: initializeCompiler
Cmd: initializeCompiler
Cmd: initializeCompiler
Cmd: initializeCompiler
Cmd: initializeCompiler
Cmd: initializeCompiler
Cmd: initializeCompiler
Cmd: initializeCompiler
Cmd: initializeCompiler
Cmd: initializeCompiler
Cmd: initializeCompiler
Cmd: initializeCompiler
Cmd: initializeCompiler
Cmd: initializeCompiler
Cmd: initializeCompiler
Cmd: initializeCompiler
Cmd: initializeCompiler
Cmd: initializeCompiler
Cmd: initializeCompiler

Quitting shader compiler process
